<?xml version="1.0" encoding="UTF-8"?>
<!-- Generated by org.testng.reporters.JUnitReportReporter -->
<testsuite skipped="0" hostname="DELL-PC" name="Academy.HomePage" tests="2" failures="0" timestamp="18 May 2020 10:04:23 GMT" time="220.852" errors="0">
  <testcase name="BasePageNavigation" time="96.215" classname="Academy.HomePage"/>
  <testcase name="BasePageNavigation" time="124.637" classname="Academy.HomePage"/>
</testsuite> <!-- Academy.HomePage -->
