<?xml version="1.0" encoding="UTF-8"?>
<!-- Generated by org.testng.reporters.JUnitReportReporter -->
<testsuite skipped="0" hostname="DELL-PC" name="testRunner.Runner" tests="1" failures="0" timestamp="26 May 2020 13:08:13 GMT" time="90.621" errors="0">
  <testcase name="feature" time="90.621" classname="testRunner.Runner"/>
</testsuite> <!-- testRunner.Runner -->
