<?xml version="1.0" encoding="UTF-8"?>
<!-- Generated by org.testng.reporters.JUnitReportReporter -->
<testsuite skipped="0" hostname="DESKTOP-G46QBGA" name="testRunner.Runner" tests="1" failures="0" timestamp="03 Jun 2020 16:24:36 GMT" time="23.154" errors="0">
  <testcase name="feature" time="23.154" classname="testRunner.Runner"/>
</testsuite> <!-- testRunner.Runner -->
