<?xml version="1.0" encoding="UTF-8"?>
<!-- Generated by org.testng.reporters.JUnitReportReporter -->
<testsuite skipped="0" hostname="DELL-PC" name="Academy.HomePage" tests="2" failures="0" timestamp="2020-05-14T14:04:03 IST" time="141.280" errors="0">
  <testcase name="BasePageNavigation" time="32.234" classname="Academy.HomePage"/>
  <system-out/>
  <testcase name="BasePageNavigation" time="109.046" classname="Academy.HomePage"/>
  <system-out/>
</testsuite> <!-- Academy.HomePage -->
